<?xml version="1.0" encoding="UTF-8"?>
<!-- Generated by org.testng.reporters.JUnitXMLReporter -->
<testsuite ignored="10" hostname="DESKTOP-FKHOH3U" failures="2" tests="6" name="Test" time="36.348" errors="0" timestamp="2023-01-07T21:44:57 IST">
  <testcase classname="FrameworkKeywords.CaptureScreenShot" name="verifyTitle" time="2.056">
    <failure type="java.lang.AssertionError" message="expected [Swag1 Labs] but found [Swag Labs]">
      <![CDATA[java.lang.AssertionError: expected [Swag1 Labs] but found [Swag Labs]
at FrameworkKeywords.CaptureScreenShot.verifyTitle(CaptureScreenShot.java:27)
at java.base/java.util.ArrayList.forEach(ArrayList.java:1541)
... Removed 33 stack frames]]>
    </failure>
  </testcase> <!-- verifyTitle -->
  <testcase classname="FrameworkKeywords.DependsOnMethod" name="verifyTitle" time="2.078">
    <failure type="java.lang.AssertionError" message="expected [Swag 1Labs] but found [Swag Labs]">
      <![CDATA[java.lang.AssertionError: expected [Swag 1Labs] but found [Swag Labs]
at FrameworkKeywords.DependsOnMethod.verifyTitle(DependsOnMethod.java:27)
at java.base/java.util.ArrayList.forEach(ArrayList.java:1541)
... Removed 33 stack frames]]>
    </failure>
  </testcase> <!-- verifyTitle -->
  <testcase classname="FrameworkKeywords.GroupTest" name="Title1" time="2.035"/>
  <testcase classname="FrameworkKeywords.GroupTest" name="Title2" time="2.065"/>
  <testcase classname="FrameworkKeywords.GroupTest" name="Title3" time="2.023"/>
  <testcase classname="FrameworkKeywords.GroupTest" name="Title4" time="2.017"/>
  <testcase classname="FrameworkKeywords.DependsOnMethod" name="verifyLoginLogo" time="0.0">
    <ignored/>
  </testcase> <!-- verifyLoginLogo -->
  <testcase classname="FrameworkKeywords.CaptureScreenShot" name="verifyLoginBtn" time="0.0">
    <ignored/>
  </testcase> <!-- verifyLoginBtn -->
  <testcase classname="FrameworkKeywords.CaptureScreenShot" name="verifyURl" time="0.0">
    <ignored/>
  </testcase> <!-- verifyURl -->
  <testcase classname="FrameworkKeywords.DependsOnMethod" name="verifyURl" time="0.0">
    <ignored/>
  </testcase> <!-- verifyURl -->
  <testcase classname="FrameworkKeywords.DependsOnMethod" name="verifyLoginBtn" time="0.0">
    <ignored/>
  </testcase> <!-- verifyLoginBtn -->
  <testcase classname="FrameworkKeywords.DependsOnMethod" name="verifyBotLogo" time="0.0">
    <ignored/>
  </testcase> <!-- verifyBotLogo -->
  <testcase classname="FrameworkKeywords.DependsOnMethod" name="verifyInventoyLable" time="0.0">
    <ignored/>
  </testcase> <!-- verifyInventoyLable -->
  <testcase classname="FrameworkKeywords.CaptureScreenShot" name="verifyBotLogo" time="0.0">
    <ignored/>
  </testcase> <!-- verifyBotLogo -->
  <testcase classname="FrameworkKeywords.CaptureScreenShot" name="verifyInventoyLable" time="0.0">
    <ignored/>
  </testcase> <!-- verifyInventoyLable -->
  <testcase classname="FrameworkKeywords.CaptureScreenShot" name="verifyLoginLogo" time="0.0">
    <ignored/>
  </testcase> <!-- verifyLoginLogo -->
</testsuite> <!-- Test -->
