<?xml version="1.0" encoding="UTF-8"?>
<!-- Generated by org.testng.reporters.JUnitXMLReporter -->
<testsuite ignored="4" hostname="DESKTOP-FKHOH3U" failures="0" tests="1" name="Default test(failed)(failed)" time="5.72" errors="0" timestamp="2023-01-05T14:24:11 IST">
  <testcase classname="FrameworkKeywords.FailedTestCase" name="Test3" time="0.072"/>
  <testcase classname="FrameworkKeywords.FailedTestCase" name="Test4" time="0.0">
    <ignored/>
  </testcase> <!-- Test4 -->
  <testcase classname="FrameworkKeywords.FailedTestCase" name="Test2" time="0.0">
    <ignored/>
  </testcase> <!-- Test2 -->
  <testcase classname="FrameworkKeywords.FailedTestCase" name="Test5" time="0.0">
    <ignored/>
  </testcase> <!-- Test5 -->
  <testcase classname="FrameworkKeywords.FailedTestCase" name="Test1" time="0.0">
    <ignored/>
  </testcase> <!-- Test1 -->
</testsuite> <!-- Default test(failed)(failed) -->
